{"/Users/akhilsurapuram/openSource/mcp-servers/src/memory/index.ts": {"path":"/Users/akhilsurapuram/openSource/mcp-servers/src/memory/index.ts","all":false,"statementMap":{"0":{"start":{"line":1,"column":0},"end":{"line":1,"column":19}},"10":{"start":{"line":11,"column":0},"end":{"line":11,"column":105}},"13":{"start":{"line":14,"column":0},"end":{"line":14,"column":63}},"14":{"start":{"line":15,"column":0},"end":{"line":15,"column":37}},"16":{"start":{"line":17,"column":0},"end":{"line":17,"column":56}},"17":{"start":{"line":18,"column":0},"end":{"line":18,"column":36}},"18":{"start":{"line":19,"column":0},"end":{"line":19,"column":94}},"19":{"start":{"line":20,"column":0},"end":{"line":20,"column":3}},"22":{"start":{"line":23,"column":0},"end":{"line":23,"column":95}},"23":{"start":{"line":24,"column":0},"end":{"line":24,"column":42}},"25":{"start":{"line":26,"column":0},"end":{"line":26,"column":7}},"27":{"start":{"line":28,"column":0},"end":{"line":28,"column":35}},"28":{"start":{"line":29,"column":0},"end":{"line":29,"column":9}},"29":{"start":{"line":30,"column":0},"end":{"line":30,"column":37}},"31":{"start":{"line":32,"column":0},"end":{"line":32,"column":27}},"32":{"start":{"line":33,"column":0},"end":{"line":33,"column":13}},"34":{"start":{"line":35,"column":0},"end":{"line":35,"column":121}},"35":{"start":{"line":36,"column":0},"end":{"line":36,"column":52}},"36":{"start":{"line":37,"column":0},"end":{"line":37,"column":84}},"37":{"start":{"line":38,"column":0},"end":{"line":38,"column":27}},"38":{"start":{"line":39,"column":0},"end":{"line":39,"column":5}},"39":{"start":{"line":40,"column":0},"end":{"line":40,"column":11}},"41":{"start":{"line":42,"column":0},"end":{"line":42,"column":25}},"42":{"start":{"line":43,"column":0},"end":{"line":43,"column":3}},"43":{"start":{"line":44,"column":0},"end":{"line":44,"column":1}},"46":{"start":{"line":47,"column":0},"end":{"line":47,"column":29}},"67":{"start":{"line":68,"column":0},"end":{"line":68,"column":36}},"68":{"start":{"line":69,"column":0},"end":{"line":69,"column":48}},"70":{"start":{"line":71,"column":0},"end":{"line":71,"column":54}},"71":{"start":{"line":72,"column":0},"end":{"line":72,"column":9}},"72":{"start":{"line":73,"column":0},"end":{"line":73,"column":67}},"73":{"start":{"line":74,"column":0},"end":{"line":74,"column":72}},"74":{"start":{"line":75,"column":0},"end":{"line":75,"column":60}},"75":{"start":{"line":76,"column":0},"end":{"line":76,"column":38}},"76":{"start":{"line":77,"column":0},"end":{"line":77,"column":37}},"77":{"start":{"line":78,"column":0},"end":{"line":78,"column":31}},"78":{"start":{"line":79,"column":0},"end":{"line":79,"column":28}},"79":{"start":{"line":80,"column":0},"end":{"line":80,"column":40}},"80":{"start":{"line":81,"column":0},"end":{"line":81,"column":43}},"81":{"start":{"line":82,"column":0},"end":{"line":82,"column":13}},"82":{"start":{"line":83,"column":0},"end":{"line":83,"column":9}},"83":{"start":{"line":84,"column":0},"end":{"line":84,"column":39}},"84":{"start":{"line":85,"column":0},"end":{"line":85,"column":32}},"85":{"start":{"line":86,"column":0},"end":{"line":86,"column":28}},"86":{"start":{"line":87,"column":0},"end":{"line":87,"column":24}},"87":{"start":{"line":88,"column":0},"end":{"line":88,"column":43}},"88":{"start":{"line":89,"column":0},"end":{"line":89,"column":13}},"89":{"start":{"line":90,"column":0},"end":{"line":90,"column":9}},"90":{"start":{"line":91,"column":0},"end":{"line":91,"column":21}},"91":{"start":{"line":92,"column":0},"end":{"line":92,"column":42}},"92":{"start":{"line":93,"column":0},"end":{"line":93,"column":21}},"93":{"start":{"line":94,"column":0},"end":{"line":94,"column":90}},"94":{"start":{"line":95,"column":0},"end":{"line":95,"column":47}},"95":{"start":{"line":96,"column":0},"end":{"line":96,"column":7}},"96":{"start":{"line":97,"column":0},"end":{"line":97,"column":18}},"97":{"start":{"line":98,"column":0},"end":{"line":98,"column":5}},"98":{"start":{"line":99,"column":0},"end":{"line":99,"column":3}},"100":{"start":{"line":101,"column":0},"end":{"line":101,"column":108}},"101":{"start":{"line":102,"column":0},"end":{"line":102,"column":94}},"102":{"start":{"line":103,"column":0},"end":{"line":103,"column":39}},"103":{"start":{"line":104,"column":0},"end":{"line":104,"column":103}},"104":{"start":{"line":105,"column":0},"end":{"line":105,"column":3}},"106":{"start":{"line":107,"column":0},"end":{"line":107,"column":65}},"107":{"start":{"line":108,"column":0},"end":{"line":108,"column":19}},"108":{"start":{"line":109,"column":0},"end":{"line":109,"column":49}},"109":{"start":{"line":110,"column":0},"end":{"line":110,"column":23}},"110":{"start":{"line":111,"column":0},"end":{"line":111,"column":21}},"111":{"start":{"line":112,"column":0},"end":{"line":112,"column":33}},"112":{"start":{"line":113,"column":0},"end":{"line":113,"column":36}},"113":{"start":{"line":114,"column":0},"end":{"line":114,"column":10}},"114":{"start":{"line":115,"column":0},"end":{"line":115,"column":50}},"115":{"start":{"line":116,"column":0},"end":{"line":116,"column":25}},"116":{"start":{"line":117,"column":0},"end":{"line":117,"column":21}},"117":{"start":{"line":118,"column":0},"end":{"line":118,"column":17}},"118":{"start":{"line":119,"column":0},"end":{"line":119,"column":36}},"119":{"start":{"line":120,"column":0},"end":{"line":120,"column":10}},"120":{"start":{"line":121,"column":0},"end":{"line":121,"column":6}},"121":{"start":{"line":122,"column":0},"end":{"line":122,"column":62}},"122":{"start":{"line":123,"column":0},"end":{"line":123,"column":3}},"124":{"start":{"line":125,"column":0},"end":{"line":125,"column":63}},"125":{"start":{"line":126,"column":0},"end":{"line":126,"column":41}},"126":{"start":{"line":127,"column":0},"end":{"line":127,"column":117}},"127":{"start":{"line":128,"column":0},"end":{"line":128,"column":40}},"128":{"start":{"line":129,"column":0},"end":{"line":129,"column":32}},"129":{"start":{"line":130,"column":0},"end":{"line":130,"column":23}},"130":{"start":{"line":131,"column":0},"end":{"line":131,"column":3}},"132":{"start":{"line":133,"column":0},"end":{"line":133,"column":69}},"133":{"start":{"line":134,"column":0},"end":{"line":134,"column":41}},"134":{"start":{"line":135,"column":0},"end":{"line":135,"column":89}},"135":{"start":{"line":136,"column":0},"end":{"line":136,"column":42}},"136":{"start":{"line":137,"column":0},"end":{"line":137,"column":38}},"137":{"start":{"line":138,"column":0},"end":{"line":138,"column":54}},"138":{"start":{"line":139,"column":0},"end":{"line":139,"column":7}},"139":{"start":{"line":140,"column":0},"end":{"line":140,"column":42}},"140":{"start":{"line":141,"column":0},"end":{"line":141,"column":32}},"141":{"start":{"line":142,"column":0},"end":{"line":142,"column":24}},"142":{"start":{"line":143,"column":0},"end":{"line":143,"column":3}},"144":{"start":{"line":145,"column":0},"end":{"line":145,"column":149}},"145":{"start":{"line":146,"column":0},"end":{"line":146,"column":41}},"146":{"start":{"line":147,"column":0},"end":{"line":147,"column":43}},"147":{"start":{"line":148,"column":0},"end":{"line":148,"column":71}},"148":{"start":{"line":149,"column":0},"end":{"line":149,"column":20}},"149":{"start":{"line":150,"column":0},"end":{"line":150,"column":70}},"150":{"start":{"line":151,"column":0},"end":{"line":151,"column":7}},"151":{"start":{"line":152,"column":0},"end":{"line":152,"column":99}},"152":{"start":{"line":153,"column":0},"end":{"line":153,"column":51}},"153":{"start":{"line":154,"column":0},"end":{"line":154,"column":78}},"154":{"start":{"line":155,"column":0},"end":{"line":155,"column":7}},"155":{"start":{"line":156,"column":0},"end":{"line":156,"column":32}},"156":{"start":{"line":157,"column":0},"end":{"line":157,"column":19}},"157":{"start":{"line":158,"column":0},"end":{"line":158,"column":3}},"159":{"start":{"line":160,"column":0},"end":{"line":160,"column":62}},"160":{"start":{"line":161,"column":0},"end":{"line":161,"column":41}},"161":{"start":{"line":162,"column":0},"end":{"line":162,"column":79}},"162":{"start":{"line":163,"column":0},"end":{"line":163,"column":112}},"163":{"start":{"line":164,"column":0},"end":{"line":164,"column":32}},"164":{"start":{"line":165,"column":0},"end":{"line":165,"column":3}},"166":{"start":{"line":167,"column":0},"end":{"line":167,"column":104}},"167":{"start":{"line":168,"column":0},"end":{"line":168,"column":41}},"168":{"start":{"line":169,"column":0},"end":{"line":169,"column":28}},"169":{"start":{"line":170,"column":0},"end":{"line":170,"column":71}},"170":{"start":{"line":171,"column":0},"end":{"line":171,"column":19}},"171":{"start":{"line":172,"column":0},"end":{"line":172,"column":91}},"172":{"start":{"line":173,"column":0},"end":{"line":173,"column":7}},"173":{"start":{"line":174,"column":0},"end":{"line":174,"column":7}},"174":{"start":{"line":175,"column":0},"end":{"line":175,"column":32}},"175":{"start":{"line":176,"column":0},"end":{"line":176,"column":3}},"177":{"start":{"line":178,"column":0},"end":{"line":178,"column":63}},"178":{"start":{"line":179,"column":0},"end":{"line":179,"column":41}},"179":{"start":{"line":180,"column":0},"end":{"line":180,"column":81}},"180":{"start":{"line":181,"column":0},"end":{"line":181,"column":37}},"181":{"start":{"line":182,"column":0},"end":{"line":182,"column":33}},"182":{"start":{"line":183,"column":0},"end":{"line":183,"column":49}},"183":{"start":{"line":184,"column":0},"end":{"line":184,"column":7}},"184":{"start":{"line":185,"column":0},"end":{"line":185,"column":32}},"185":{"start":{"line":186,"column":0},"end":{"line":186,"column":3}},"187":{"start":{"line":188,"column":0},"end":{"line":188,"column":29}},"192":{"start":{"line":193,"column":0},"end":{"line":193,"column":31}},"193":{"start":{"line":194,"column":0},"end":{"line":194,"column":41}},"194":{"start":{"line":195,"column":0},"end":{"line":195,"column":34}},"195":{"start":{"line":196,"column":0},"end":{"line":196,"column":39}},"196":{"start":{"line":197,"column":0},"end":{"line":197,"column":83}},"197":{"start":{"line":198,"column":0},"end":{"line":198,"column":5}},"198":{"start":{"line":199,"column":0},"end":{"line":199,"column":110}},"199":{"start":{"line":200,"column":0},"end":{"line":200,"column":50}},"200":{"start":{"line":201,"column":0},"end":{"line":201,"column":19}},"201":{"start":{"line":202,"column":0},"end":{"line":202,"column":31}},"202":{"start":{"line":203,"column":0},"end":{"line":203,"column":133}},"203":{"start":{"line":204,"column":0},"end":{"line":204,"column":8}},"204":{"start":{"line":205,"column":0},"end":{"line":205,"column":62}},"205":{"start":{"line":206,"column":0},"end":{"line":206,"column":12}},"206":{"start":{"line":207,"column":0},"end":{"line":207,"column":34}},"207":{"start":{"line":208,"column":0},"end":{"line":208,"column":82}},"208":{"start":{"line":209,"column":0},"end":{"line":209,"column":6}},"209":{"start":{"line":210,"column":0},"end":{"line":210,"column":3}},"212":{"start":{"line":213,"column":0},"end":{"line":213,"column":46}},"216":{"start":{"line":217,"column":0},"end":{"line":217,"column":31}},"217":{"start":{"line":218,"column":0},"end":{"line":218,"column":41}},"218":{"start":{"line":219,"column":0},"end":{"line":219,"column":45}},"219":{"start":{"line":220,"column":0},"end":{"line":220,"column":59}},"220":{"start":{"line":221,"column":0},"end":{"line":221,"column":65}},"221":{"start":{"line":222,"column":0},"end":{"line":222,"column":77}},"222":{"start":{"line":223,"column":0},"end":{"line":223,"column":6}},"223":{"start":{"line":224,"column":0},"end":{"line":224,"column":82}},"224":{"start":{"line":225,"column":0},"end":{"line":225,"column":85}},"225":{"start":{"line":226,"column":0},"end":{"line":226,"column":50}},"226":{"start":{"line":227,"column":0},"end":{"line":227,"column":19}},"227":{"start":{"line":228,"column":0},"end":{"line":228,"column":31}},"228":{"start":{"line":229,"column":0},"end":{"line":229,"column":133}},"229":{"start":{"line":230,"column":0},"end":{"line":230,"column":8}},"230":{"start":{"line":231,"column":0},"end":{"line":231,"column":62}},"231":{"start":{"line":232,"column":0},"end":{"line":232,"column":12}},"232":{"start":{"line":233,"column":0},"end":{"line":233,"column":34}},"233":{"start":{"line":234,"column":0},"end":{"line":234,"column":82}},"234":{"start":{"line":235,"column":0},"end":{"line":235,"column":6}},"235":{"start":{"line":236,"column":0},"end":{"line":236,"column":3}},"237":{"start":{"line":238,"column":0},"end":{"line":238,"column":46}},"241":{"start":{"line":242,"column":0},"end":{"line":242,"column":31}},"242":{"start":{"line":243,"column":0},"end":{"line":243,"column":41}},"243":{"start":{"line":244,"column":0},"end":{"line":244,"column":80}},"244":{"start":{"line":245,"column":0},"end":{"line":245,"column":85}},"245":{"start":{"line":246,"column":0},"end":{"line":246,"column":58}},"246":{"start":{"line":247,"column":0},"end":{"line":247,"column":19}},"247":{"start":{"line":248,"column":0},"end":{"line":248,"column":31}},"248":{"start":{"line":249,"column":0},"end":{"line":249,"column":169}},"249":{"start":{"line":250,"column":0},"end":{"line":250,"column":8}},"250":{"start":{"line":251,"column":0},"end":{"line":251,"column":68}},"251":{"start":{"line":252,"column":0},"end":{"line":252,"column":12}},"252":{"start":{"line":253,"column":0},"end":{"line":253,"column":34}},"253":{"start":{"line":254,"column":0},"end":{"line":254,"column":94}},"254":{"start":{"line":255,"column":0},"end":{"line":255,"column":6}},"255":{"start":{"line":256,"column":0},"end":{"line":256,"column":3}},"256":{"start":{"line":257,"column":0},"end":{"line":257,"column":1}},"258":{"start":{"line":259,"column":0},"end":{"line":259,"column":49}},"261":{"start":{"line":262,"column":0},"end":{"line":262,"column":31}},"262":{"start":{"line":263,"column":0},"end":{"line":263,"column":54}},"263":{"start":{"line":264,"column":0},"end":{"line":264,"column":60}},"264":{"start":{"line":265,"column":0},"end":{"line":265,"column":107}},"265":{"start":{"line":266,"column":0},"end":{"line":266,"column":3}},"267":{"start":{"line":268,"column":0},"end":{"line":268,"column":33}},"268":{"start":{"line":269,"column":0},"end":{"line":269,"column":80}},"269":{"start":{"line":270,"column":0},"end":{"line":270,"column":76}},"270":{"start":{"line":271,"column":0},"end":{"line":271,"column":63}},"271":{"start":{"line":272,"column":0},"end":{"line":272,"column":3}},"274":{"start":{"line":275,"column":0},"end":{"line":275,"column":30}},"275":{"start":{"line":276,"column":0},"end":{"line":276,"column":24}},"276":{"start":{"line":277,"column":0},"end":{"line":277,"column":19}},"277":{"start":{"line":278,"column":0},"end":{"line":278,"column":3}},"280":{"start":{"line":281,"column":0},"end":{"line":281,"column":20}},"281":{"start":{"line":282,"column":0},"end":{"line":282,"column":20}},"282":{"start":{"line":283,"column":0},"end":{"line":283,"column":3}},"283":{"start":{"line":284,"column":0},"end":{"line":284,"column":29}},"284":{"start":{"line":285,"column":0},"end":{"line":285,"column":71}},"285":{"start":{"line":286,"column":0},"end":{"line":286,"column":18}},"286":{"start":{"line":287,"column":0},"end":{"line":287,"column":37}},"287":{"start":{"line":288,"column":0},"end":{"line":288,"column":6}},"288":{"start":{"line":289,"column":0},"end":{"line":289,"column":19}},"289":{"start":{"line":290,"column":0},"end":{"line":290,"column":37}},"290":{"start":{"line":291,"column":0},"end":{"line":291,"column":5}},"291":{"start":{"line":292,"column":0},"end":{"line":292,"column":4}},"292":{"start":{"line":293,"column":0},"end":{"line":293,"column":27}},"293":{"start":{"line":294,"column":0},"end":{"line":294,"column":72}},"294":{"start":{"line":295,"column":0},"end":{"line":295,"column":12}},"295":{"start":{"line":296,"column":0},"end":{"line":296,"column":82}},"296":{"start":{"line":297,"column":0},"end":{"line":297,"column":45}},"297":{"start":{"line":298,"column":0},"end":{"line":298,"column":6}},"298":{"start":{"line":299,"column":0},"end":{"line":299,"column":3}},"299":{"start":{"line":300,"column":0},"end":{"line":300,"column":2}},"302":{"start":{"line":303,"column":0},"end":{"line":303,"column":20}},"303":{"start":{"line":304,"column":0},"end":{"line":304,"column":21}},"304":{"start":{"line":305,"column":0},"end":{"line":305,"column":3}},"305":{"start":{"line":306,"column":0},"end":{"line":306,"column":30}},"306":{"start":{"line":307,"column":0},"end":{"line":307,"column":126}},"307":{"start":{"line":308,"column":0},"end":{"line":308,"column":18}},"308":{"start":{"line":309,"column":0},"end":{"line":309,"column":40}},"309":{"start":{"line":310,"column":0},"end":{"line":310,"column":6}},"310":{"start":{"line":311,"column":0},"end":{"line":311,"column":19}},"311":{"start":{"line":312,"column":0},"end":{"line":312,"column":40}},"312":{"start":{"line":313,"column":0},"end":{"line":313,"column":5}},"313":{"start":{"line":314,"column":0},"end":{"line":314,"column":4}},"314":{"start":{"line":315,"column":0},"end":{"line":315,"column":28}},"315":{"start":{"line":316,"column":0},"end":{"line":316,"column":74}},"316":{"start":{"line":317,"column":0},"end":{"line":317,"column":12}},"317":{"start":{"line":318,"column":0},"end":{"line":318,"column":82}},"318":{"start":{"line":319,"column":0},"end":{"line":319,"column":46}},"319":{"start":{"line":320,"column":0},"end":{"line":320,"column":6}},"320":{"start":{"line":321,"column":0},"end":{"line":321,"column":3}},"321":{"start":{"line":322,"column":0},"end":{"line":322,"column":2}},"324":{"start":{"line":325,"column":0},"end":{"line":325,"column":20}},"325":{"start":{"line":326,"column":0},"end":{"line":326,"column":21}},"326":{"start":{"line":327,"column":0},"end":{"line":327,"column":3}},"327":{"start":{"line":328,"column":0},"end":{"line":328,"column":30}},"328":{"start":{"line":329,"column":0},"end":{"line":329,"column":84}},"329":{"start":{"line":330,"column":0},"end":{"line":330,"column":18}},"330":{"start":{"line":331,"column":0},"end":{"line":331,"column":38}},"331":{"start":{"line":332,"column":0},"end":{"line":332,"column":93}},"332":{"start":{"line":333,"column":0},"end":{"line":333,"column":89}},"333":{"start":{"line":334,"column":0},"end":{"line":334,"column":9}},"334":{"start":{"line":335,"column":0},"end":{"line":335,"column":6}},"335":{"start":{"line":336,"column":0},"end":{"line":336,"column":19}},"336":{"start":{"line":337,"column":0},"end":{"line":337,"column":33}},"337":{"start":{"line":338,"column":0},"end":{"line":338,"column":31}},"338":{"start":{"line":339,"column":0},"end":{"line":339,"column":46}},"339":{"start":{"line":340,"column":0},"end":{"line":340,"column":9}},"340":{"start":{"line":341,"column":0},"end":{"line":341,"column":5}},"341":{"start":{"line":342,"column":0},"end":{"line":342,"column":4}},"342":{"start":{"line":343,"column":0},"end":{"line":343,"column":31}},"343":{"start":{"line":344,"column":0},"end":{"line":344,"column":77}},"344":{"start":{"line":345,"column":0},"end":{"line":345,"column":12}},"345":{"start":{"line":346,"column":0},"end":{"line":346,"column":82}},"346":{"start":{"line":347,"column":0},"end":{"line":347,"column":44}},"347":{"start":{"line":348,"column":0},"end":{"line":348,"column":6}},"348":{"start":{"line":349,"column":0},"end":{"line":349,"column":3}},"349":{"start":{"line":350,"column":0},"end":{"line":350,"column":2}},"352":{"start":{"line":353,"column":0},"end":{"line":353,"column":20}},"353":{"start":{"line":354,"column":0},"end":{"line":354,"column":20}},"354":{"start":{"line":355,"column":0},"end":{"line":355,"column":3}},"355":{"start":{"line":356,"column":0},"end":{"line":356,"column":29}},"356":{"start":{"line":357,"column":0},"end":{"line":357,"column":100}},"357":{"start":{"line":358,"column":0},"end":{"line":358,"column":18}},"358":{"start":{"line":359,"column":0},"end":{"line":359,"column":85}},"359":{"start":{"line":360,"column":0},"end":{"line":360,"column":6}},"360":{"start":{"line":361,"column":0},"end":{"line":361,"column":19}},"361":{"start":{"line":362,"column":0},"end":{"line":362,"column":27}},"362":{"start":{"line":363,"column":0},"end":{"line":363,"column":25}},"363":{"start":{"line":364,"column":0},"end":{"line":364,"column":5}},"364":{"start":{"line":365,"column":0},"end":{"line":365,"column":4}},"365":{"start":{"line":366,"column":0},"end":{"line":366,"column":30}},"366":{"start":{"line":367,"column":0},"end":{"line":367,"column":60}},"367":{"start":{"line":368,"column":0},"end":{"line":368,"column":12}},"368":{"start":{"line":369,"column":0},"end":{"line":369,"column":82}},"369":{"start":{"line":370,"column":0},"end":{"line":370,"column":84}},"370":{"start":{"line":371,"column":0},"end":{"line":371,"column":6}},"371":{"start":{"line":372,"column":0},"end":{"line":372,"column":3}},"372":{"start":{"line":373,"column":0},"end":{"line":373,"column":2}},"375":{"start":{"line":376,"column":0},"end":{"line":376,"column":20}},"376":{"start":{"line":377,"column":0},"end":{"line":377,"column":24}},"377":{"start":{"line":378,"column":0},"end":{"line":378,"column":3}},"378":{"start":{"line":379,"column":0},"end":{"line":379,"column":33}},"379":{"start":{"line":380,"column":0},"end":{"line":380,"column":85}},"380":{"start":{"line":381,"column":0},"end":{"line":381,"column":18}},"381":{"start":{"line":382,"column":0},"end":{"line":382,"column":35}},"382":{"start":{"line":383,"column":0},"end":{"line":383,"column":94}},"383":{"start":{"line":384,"column":0},"end":{"line":384,"column":88}},"384":{"start":{"line":385,"column":0},"end":{"line":385,"column":9}},"385":{"start":{"line":386,"column":0},"end":{"line":386,"column":6}},"386":{"start":{"line":387,"column":0},"end":{"line":387,"column":19}},"387":{"start":{"line":388,"column":0},"end":{"line":388,"column":27}},"388":{"start":{"line":389,"column":0},"end":{"line":389,"column":25}},"389":{"start":{"line":390,"column":0},"end":{"line":390,"column":5}},"390":{"start":{"line":391,"column":0},"end":{"line":391,"column":4}},"391":{"start":{"line":392,"column":0},"end":{"line":392,"column":28}},"392":{"start":{"line":393,"column":0},"end":{"line":393,"column":62}},"393":{"start":{"line":394,"column":0},"end":{"line":394,"column":12}},"394":{"start":{"line":395,"column":0},"end":{"line":395,"column":86}},"395":{"start":{"line":396,"column":0},"end":{"line":396,"column":88}},"396":{"start":{"line":397,"column":0},"end":{"line":397,"column":6}},"397":{"start":{"line":398,"column":0},"end":{"line":398,"column":3}},"398":{"start":{"line":399,"column":0},"end":{"line":399,"column":2}},"401":{"start":{"line":402,"column":0},"end":{"line":402,"column":20}},"402":{"start":{"line":403,"column":0},"end":{"line":403,"column":21}},"403":{"start":{"line":404,"column":0},"end":{"line":404,"column":3}},"404":{"start":{"line":405,"column":0},"end":{"line":405,"column":30}},"405":{"start":{"line":406,"column":0},"end":{"line":406,"column":70}},"406":{"start":{"line":407,"column":0},"end":{"line":407,"column":18}},"407":{"start":{"line":408,"column":0},"end":{"line":408,"column":84}},"408":{"start":{"line":409,"column":0},"end":{"line":409,"column":6}},"409":{"start":{"line":410,"column":0},"end":{"line":410,"column":19}},"410":{"start":{"line":411,"column":0},"end":{"line":411,"column":27}},"411":{"start":{"line":412,"column":0},"end":{"line":412,"column":25}},"412":{"start":{"line":413,"column":0},"end":{"line":413,"column":5}},"413":{"start":{"line":414,"column":0},"end":{"line":414,"column":4}},"414":{"start":{"line":415,"column":0},"end":{"line":415,"column":28}},"415":{"start":{"line":416,"column":0},"end":{"line":416,"column":59}},"416":{"start":{"line":417,"column":0},"end":{"line":417,"column":12}},"417":{"start":{"line":418,"column":0},"end":{"line":418,"column":83}},"418":{"start":{"line":419,"column":0},"end":{"line":419,"column":85}},"419":{"start":{"line":420,"column":0},"end":{"line":420,"column":6}},"420":{"start":{"line":421,"column":0},"end":{"line":421,"column":3}},"421":{"start":{"line":422,"column":0},"end":{"line":422,"column":2}},"424":{"start":{"line":425,"column":0},"end":{"line":425,"column":20}},"425":{"start":{"line":426,"column":0},"end":{"line":426,"column":15}},"426":{"start":{"line":427,"column":0},"end":{"line":427,"column":3}},"427":{"start":{"line":428,"column":0},"end":{"line":428,"column":24}},"428":{"start":{"line":429,"column":0},"end":{"line":429,"column":204}},"429":{"start":{"line":430,"column":0},"end":{"line":430,"column":18}},"430":{"start":{"line":431,"column":0},"end":{"line":431,"column":117}},"431":{"start":{"line":432,"column":0},"end":{"line":432,"column":103}},"432":{"start":{"line":433,"column":0},"end":{"line":433,"column":87}},"433":{"start":{"line":434,"column":0},"end":{"line":434,"column":106}},"434":{"start":{"line":435,"column":0},"end":{"line":435,"column":6}},"435":{"start":{"line":436,"column":0},"end":{"line":436,"column":19}},"436":{"start":{"line":437,"column":0},"end":{"line":437,"column":38}},"437":{"start":{"line":438,"column":0},"end":{"line":438,"column":40}},"438":{"start":{"line":439,"column":0},"end":{"line":439,"column":5}},"439":{"start":{"line":440,"column":0},"end":{"line":440,"column":4}},"440":{"start":{"line":441,"column":0},"end":{"line":441,"column":19}},"441":{"start":{"line":442,"column":0},"end":{"line":442,"column":62}},"442":{"start":{"line":443,"column":0},"end":{"line":443,"column":107}},"443":{"start":{"line":444,"column":0},"end":{"line":444,"column":3}},"444":{"start":{"line":445,"column":0},"end":{"line":445,"column":2}},"447":{"start":{"line":448,"column":0},"end":{"line":448,"column":20}},"448":{"start":{"line":449,"column":0},"end":{"line":449,"column":17}},"449":{"start":{"line":450,"column":0},"end":{"line":450,"column":3}},"450":{"start":{"line":451,"column":0},"end":{"line":451,"column":26}},"451":{"start":{"line":452,"column":0},"end":{"line":452,"column":149}},"452":{"start":{"line":453,"column":0},"end":{"line":453,"column":18}},"453":{"start":{"line":454,"column":0},"end":{"line":454,"column":49}},"454":{"start":{"line":455,"column":0},"end":{"line":455,"column":99}},"455":{"start":{"line":456,"column":0},"end":{"line":456,"column":87}},"456":{"start":{"line":457,"column":0},"end":{"line":457,"column":102}},"457":{"start":{"line":458,"column":0},"end":{"line":458,"column":6}},"458":{"start":{"line":459,"column":0},"end":{"line":459,"column":19}},"459":{"start":{"line":460,"column":0},"end":{"line":460,"column":38}},"460":{"start":{"line":461,"column":0},"end":{"line":461,"column":40}},"461":{"start":{"line":462,"column":0},"end":{"line":462,"column":5}},"462":{"start":{"line":463,"column":0},"end":{"line":463,"column":4}},"463":{"start":{"line":464,"column":0},"end":{"line":464,"column":36}},"464":{"start":{"line":465,"column":0},"end":{"line":465,"column":74}},"465":{"start":{"line":466,"column":0},"end":{"line":466,"column":107}},"466":{"start":{"line":467,"column":0},"end":{"line":467,"column":3}},"467":{"start":{"line":468,"column":0},"end":{"line":468,"column":2}},"470":{"start":{"line":471,"column":0},"end":{"line":471,"column":20}},"471":{"start":{"line":472,"column":0},"end":{"line":472,"column":15}},"472":{"start":{"line":473,"column":0},"end":{"line":473,"column":3}},"473":{"start":{"line":474,"column":0},"end":{"line":474,"column":24}},"474":{"start":{"line":475,"column":0},"end":{"line":475,"column":148}},"475":{"start":{"line":476,"column":0},"end":{"line":476,"column":18}},"476":{"start":{"line":477,"column":0},"end":{"line":477,"column":70}},"477":{"start":{"line":478,"column":0},"end":{"line":478,"column":99}},"478":{"start":{"line":479,"column":0},"end":{"line":479,"column":103}},"479":{"start":{"line":480,"column":0},"end":{"line":480,"column":116}},"480":{"start":{"line":481,"column":0},"end":{"line":481,"column":6}},"481":{"start":{"line":482,"column":0},"end":{"line":482,"column":19}},"482":{"start":{"line":483,"column":0},"end":{"line":483,"column":38}},"483":{"start":{"line":484,"column":0},"end":{"line":484,"column":40}},"484":{"start":{"line":485,"column":0},"end":{"line":485,"column":5}},"485":{"start":{"line":486,"column":0},"end":{"line":486,"column":4}},"486":{"start":{"line":487,"column":0},"end":{"line":487,"column":36}},"487":{"start":{"line":488,"column":0},"end":{"line":488,"column":72}},"488":{"start":{"line":489,"column":0},"end":{"line":489,"column":107}},"489":{"start":{"line":490,"column":0},"end":{"line":490,"column":3}},"490":{"start":{"line":491,"column":0},"end":{"line":491,"column":2}},"492":{"start":{"line":493,"column":0},"end":{"line":493,"column":23}},"494":{"start":{"line":495,"column":0},"end":{"line":495,"column":50}},"497":{"start":{"line":498,"column":0},"end":{"line":498,"column":70}},"499":{"start":{"line":500,"column":0},"end":{"line":500,"column":47}},"500":{"start":{"line":501,"column":0},"end":{"line":501,"column":34}},"501":{"start":{"line":502,"column":0},"end":{"line":502,"column":63}},"502":{"start":{"line":503,"column":0},"end":{"line":503,"column":1}},"504":{"start":{"line":505,"column":0},"end":{"line":505,"column":25}},"505":{"start":{"line":506,"column":0},"end":{"line":506,"column":49}},"506":{"start":{"line":507,"column":0},"end":{"line":507,"column":18}},"507":{"start":{"line":508,"column":0},"end":{"line":508,"column":3}}},"s":{"0":1,"10":1,"13":9,"14":9,"16":3,"17":1,"18":2,"19":3,"22":6,"23":6,"25":6,"27":6,"28":3,"29":3,"31":1,"32":8,"34":2,"35":2,"36":2,"37":2,"38":2,"39":9,"41":3,"42":3,"43":9,"46":1,"67":1,"68":1,"70":1,"71":99,"72":99,"73":63,"74":63,"75":176,"76":176,"77":136,"78":136,"79":136,"80":136,"81":136,"82":136,"83":176,"84":40,"85":40,"86":40,"87":40,"88":40,"89":40,"90":176,"91":63,"92":99,"93":36,"94":36,"95":36,"96":0,"97":0,"98":99,"100":1,"101":36,"102":0,"103":36,"104":36,"106":1,"107":66,"108":66,"109":137,"110":137,"111":137,"112":137,"113":66,"114":66,"115":41,"116":41,"117":41,"118":41,"119":66,"120":66,"121":66,"122":66,"124":1,"125":32,"126":32,"127":32,"128":32,"129":32,"130":32,"132":1,"133":25,"134":25,"135":1,"136":1,"137":1,"138":25,"139":25,"140":25,"141":25,"142":25,"144":1,"145":4,"146":4,"147":4,"148":4,"149":1,"150":1,"151":3,"152":3,"153":3,"154":4,"155":4,"156":3,"157":4,"159":1,"160":3,"161":3,"162":3,"163":3,"164":3,"166":1,"167":2,"168":2,"169":2,"170":2,"171":1,"172":1,"173":2,"174":2,"175":2,"177":1,"178":1,"179":1,"180":2,"181":2,"182":2,"183":1,"184":1,"185":1,"187":1,"192":16,"193":16,"194":16,"195":16,"196":0,"197":0,"198":16,"199":16,"200":19,"201":19,"202":19,"203":16,"204":16,"205":16,"206":16,"207":16,"208":16,"209":16,"212":1,"216":8,"217":8,"218":8,"219":22,"220":17,"221":16,"222":8,"223":8,"224":8,"225":8,"226":8,"227":8,"228":8,"229":8,"230":8,"231":8,"232":8,"233":8,"234":8,"235":8,"237":1,"241":8,"242":8,"243":8,"244":8,"245":8,"246":9,"247":9,"248":9,"249":8,"250":8,"251":8,"252":8,"253":8,"254":8,"255":8,"256":1,"258":1,"261":1,"262":1,"263":1,"264":1,"265":1,"267":1,"268":1,"269":1,"270":1,"271":1,"274":1,"275":1,"276":1,"277":1,"280":1,"281":1,"282":1,"283":1,"284":1,"285":1,"286":1,"287":1,"288":1,"289":1,"290":1,"291":1,"292":1,"293":0,"294":0,"295":0,"296":0,"297":0,"298":0,"299":1,"302":1,"303":1,"304":1,"305":1,"306":1,"307":1,"308":1,"309":1,"310":1,"311":1,"312":1,"313":1,"314":1,"315":0,"316":0,"317":0,"318":0,"319":0,"320":0,"321":1,"324":1,"325":1,"326":1,"327":1,"328":1,"329":1,"330":1,"331":1,"332":1,"333":1,"334":1,"335":1,"336":1,"337":1,"338":1,"339":1,"340":1,"341":1,"342":1,"343":0,"344":0,"345":0,"346":0,"347":0,"348":0,"349":1,"352":1,"353":1,"354":1,"355":1,"356":1,"357":1,"358":1,"359":1,"360":1,"361":1,"362":1,"363":1,"364":1,"365":1,"366":0,"367":0,"368":0,"369":0,"370":0,"371":0,"372":1,"375":1,"376":1,"377":1,"378":1,"379":1,"380":1,"381":1,"382":1,"383":1,"384":1,"385":1,"386":1,"387":1,"388":1,"389":1,"390":1,"391":1,"392":0,"393":0,"394":0,"395":0,"396":0,"397":0,"398":1,"401":1,"402":1,"403":1,"404":1,"405":1,"406":1,"407":1,"408":1,"409":1,"410":1,"411":1,"412":1,"413":1,"414":1,"415":0,"416":0,"417":0,"418":0,"419":0,"420":0,"421":1,"424":1,"425":1,"426":1,"427":1,"428":1,"429":1,"430":1,"431":1,"432":1,"433":1,"434":1,"435":1,"436":1,"437":1,"438":1,"439":1,"440":1,"441":0,"442":0,"443":0,"444":1,"447":1,"448":1,"449":1,"450":1,"451":1,"452":1,"453":1,"454":1,"455":1,"456":1,"457":1,"458":1,"459":1,"460":1,"461":1,"462":1,"463":1,"464":0,"465":0,"466":0,"467":1,"470":1,"471":1,"472":1,"473":1,"474":1,"475":1,"476":1,"477":1,"478":1,"479":1,"480":1,"481":1,"482":1,"483":1,"484":1,"485":1,"486":1,"487":0,"488":0,"489":0,"490":1,"492":2,"494":2,"497":2,"499":2,"500":2,"501":2,"502":2,"504":1,"505":0,"506":0,"507":0},"branchMap":{"0":{"type":"branch","line":14,"loc":{"start":{"line":14,"column":0},"end":{"line":44,"column":1}},"locations":[{"start":{"line":14,"column":0},"end":{"line":44,"column":1}}]},"1":{"type":"branch","line":15,"loc":{"start":{"line":15,"column":36},"end":{"line":20,"column":3}},"locations":[{"start":{"line":15,"column":36},"end":{"line":20,"column":3}}]},"2":{"type":"branch","line":17,"loc":{"start":{"line":17,"column":55},"end":{"line":18,"column":36}},"locations":[{"start":{"line":17,"column":55},"end":{"line":18,"column":36}}]},"3":{"type":"branch","line":18,"loc":{"start":{"line":18,"column":20},"end":{"line":19,"column":94}},"locations":[{"start":{"line":18,"column":20},"end":{"line":19,"column":94}}]},"4":{"type":"branch","line":20,"loc":{"start":{"line":20,"column":2},"end":{"line":28,"column":35}},"locations":[{"start":{"line":20,"column":2},"end":{"line":28,"column":35}}]},"5":{"type":"branch","line":28,"loc":{"start":{"line":28,"column":33},"end":{"line":39,"column":5}},"locations":[{"start":{"line":28,"column":33},"end":{"line":39,"column":5}}]},"6":{"type":"branch","line":28,"loc":{"start":{"line":28,"column":33},"end":{"line":30,"column":37}},"locations":[{"start":{"line":28,"column":33},"end":{"line":30,"column":37}}]},"7":{"type":"branch","line":30,"loc":{"start":{"line":30,"column":35},"end":{"line":33,"column":12}},"locations":[{"start":{"line":30,"column":35},"end":{"line":33,"column":12}}]},"8":{"type":"branch","line":33,"loc":{"start":{"line":33,"column":4},"end":{"line":39,"column":5}},"locations":[{"start":{"line":33,"column":4},"end":{"line":39,"column":5}}]},"9":{"type":"branch","line":40,"loc":{"start":{"line":40,"column":2},"end":{"line":43,"column":3}},"locations":[{"start":{"line":40,"column":2},"end":{"line":43,"column":3}}]},"10":{"type":"branch","line":69,"loc":{"start":{"line":69,"column":2},"end":{"line":69,"column":48}},"locations":[{"start":{"line":69,"column":2},"end":{"line":69,"column":48}}]},"11":{"type":"branch","line":71,"loc":{"start":{"line":71,"column":2},"end":{"line":99,"column":3}},"locations":[{"start":{"line":71,"column":2},"end":{"line":99,"column":3}}]},"12":{"type":"branch","line":73,"loc":{"start":{"line":73,"column":65},"end":{"line":93,"column":13}},"locations":[{"start":{"line":73,"column":65},"end":{"line":93,"column":13}}]},"13":{"type":"branch","line":93,"loc":{"start":{"line":93,"column":4},"end":{"line":98,"column":5}},"locations":[{"start":{"line":93,"column":4},"end":{"line":98,"column":5}}]},"14":{"type":"branch","line":96,"loc":{"start":{"line":96,"column":6},"end":{"line":98,"column":5}},"locations":[{"start":{"line":96,"column":6},"end":{"line":98,"column":5}}]},"15":{"type":"branch","line":74,"loc":{"start":{"line":74,"column":44},"end":{"line":74,"column":70}},"locations":[{"start":{"line":74,"column":44},"end":{"line":74,"column":70}}]},"16":{"type":"branch","line":75,"loc":{"start":{"line":75,"column":26},"end":{"line":92,"column":9}},"locations":[{"start":{"line":75,"column":26},"end":{"line":92,"column":9}}]},"17":{"type":"branch","line":77,"loc":{"start":{"line":77,"column":36},"end":{"line":83,"column":9}},"locations":[{"start":{"line":77,"column":36},"end":{"line":83,"column":9}}]},"18":{"type":"branch","line":84,"loc":{"start":{"line":84,"column":38},"end":{"line":90,"column":9}},"locations":[{"start":{"line":84,"column":38},"end":{"line":90,"column":9}}]},"19":{"type":"branch","line":101,"loc":{"start":{"line":101,"column":17},"end":{"line":105,"column":3}},"locations":[{"start":{"line":101,"column":17},"end":{"line":105,"column":3}}]},"20":{"type":"branch","line":102,"loc":{"start":{"line":102,"column":90},"end":{"line":103,"column":39}},"locations":[{"start":{"line":102,"column":90},"end":{"line":103,"column":39}}]},"21":{"type":"branch","line":104,"loc":{"start":{"line":104,"column":29},"end":{"line":104,"column":85}},"locations":[{"start":{"line":104,"column":29},"end":{"line":104,"column":85}}]},"22":{"type":"branch","line":104,"loc":{"start":{"line":104,"column":81},"end":{"line":104,"column":103}},"locations":[{"start":{"line":104,"column":81},"end":{"line":104,"column":103}}]},"23":{"type":"branch","line":107,"loc":{"start":{"line":107,"column":2},"end":{"line":123,"column":3}},"locations":[{"start":{"line":107,"column":2},"end":{"line":123,"column":3}}]},"24":{"type":"branch","line":109,"loc":{"start":{"line":109,"column":28},"end":{"line":114,"column":8}},"locations":[{"start":{"line":109,"column":28},"end":{"line":114,"column":8}}]},"25":{"type":"branch","line":115,"loc":{"start":{"line":115,"column":29},"end":{"line":120,"column":8}},"locations":[{"start":{"line":115,"column":29},"end":{"line":120,"column":8}}]},"26":{"type":"branch","line":125,"loc":{"start":{"line":125,"column":2},"end":{"line":131,"column":3}},"locations":[{"start":{"line":125,"column":2},"end":{"line":131,"column":3}}]},"27":{"type":"branch","line":127,"loc":{"start":{"line":127,"column":40},"end":{"line":127,"column":115}},"locations":[{"start":{"line":127,"column":40},"end":{"line":127,"column":115}}]},"28":{"type":"branch","line":127,"loc":{"start":{"line":127,"column":66},"end":{"line":127,"column":114}},"locations":[{"start":{"line":127,"column":66},"end":{"line":127,"column":114}}]},"29":{"type":"branch","line":133,"loc":{"start":{"line":133,"column":2},"end":{"line":143,"column":3}},"locations":[{"start":{"line":133,"column":2},"end":{"line":143,"column":3}}]},"30":{"type":"branch","line":135,"loc":{"start":{"line":135,"column":42},"end":{"line":139,"column":5}},"locations":[{"start":{"line":135,"column":42},"end":{"line":139,"column":5}}]},"31":{"type":"branch","line":135,"loc":{"start":{"line":135,"column":69},"end":{"line":138,"column":54}},"locations":[{"start":{"line":135,"column":69},"end":{"line":138,"column":54}}]},"32":{"type":"branch","line":145,"loc":{"start":{"line":145,"column":2},"end":{"line":158,"column":3}},"locations":[{"start":{"line":145,"column":2},"end":{"line":158,"column":3}}]},"33":{"type":"branch","line":156,"loc":{"start":{"line":156,"column":30},"end":{"line":157,"column":19}},"locations":[{"start":{"line":156,"column":30},"end":{"line":157,"column":19}}]},"34":{"type":"branch","line":147,"loc":{"start":{"line":147,"column":37},"end":{"line":155,"column":5}},"locations":[{"start":{"line":147,"column":37},"end":{"line":155,"column":5}}]},"35":{"type":"branch","line":149,"loc":{"start":{"line":149,"column":19},"end":{"line":151,"column":7}},"locations":[{"start":{"line":149,"column":19},"end":{"line":151,"column":7}}]},"36":{"type":"branch","line":151,"loc":{"start":{"line":151,"column":6},"end":{"line":154,"column":78}},"locations":[{"start":{"line":151,"column":6},"end":{"line":154,"column":78}}]},"37":{"type":"branch","line":148,"loc":{"start":{"line":148,"column":41},"end":{"line":148,"column":69}},"locations":[{"start":{"line":148,"column":41},"end":{"line":148,"column":69}}]},"38":{"type":"branch","line":152,"loc":{"start":{"line":152,"column":48},"end":{"line":152,"column":97}},"locations":[{"start":{"line":152,"column":48},"end":{"line":152,"column":97}}]},"39":{"type":"branch","line":160,"loc":{"start":{"line":160,"column":2},"end":{"line":165,"column":3}},"locations":[{"start":{"line":160,"column":2},"end":{"line":165,"column":3}}]},"40":{"type":"branch","line":162,"loc":{"start":{"line":162,"column":43},"end":{"line":162,"column":77}},"locations":[{"start":{"line":162,"column":43},"end":{"line":162,"column":77}}]},"41":{"type":"branch","line":163,"loc":{"start":{"line":163,"column":45},"end":{"line":163,"column":110}},"locations":[{"start":{"line":163,"column":45},"end":{"line":163,"column":110}}]},"42":{"type":"branch","line":163,"loc":{"start":{"line":163,"column":78},"end":{"line":163,"column":110}},"locations":[{"start":{"line":163,"column":78},"end":{"line":163,"column":110}}]},"43":{"type":"branch","line":167,"loc":{"start":{"line":167,"column":2},"end":{"line":176,"column":3}},"locations":[{"start":{"line":167,"column":2},"end":{"line":176,"column":3}}]},"44":{"type":"branch","line":169,"loc":{"start":{"line":169,"column":22},"end":{"line":174,"column":5}},"locations":[{"start":{"line":169,"column":22},"end":{"line":174,"column":5}}]},"45":{"type":"branch","line":171,"loc":{"start":{"line":171,"column":18},"end":{"line":173,"column":7}},"locations":[{"start":{"line":171,"column":18},"end":{"line":173,"column":7}}]},"46":{"type":"branch","line":170,"loc":{"start":{"line":170,"column":41},"end":{"line":170,"column":69}},"locations":[{"start":{"line":170,"column":41},"end":{"line":170,"column":69}}]},"47":{"type":"branch","line":172,"loc":{"start":{"line":172,"column":57},"end":{"line":172,"column":89}},"locations":[{"start":{"line":172,"column":57},"end":{"line":172,"column":89}}]},"48":{"type":"branch","line":178,"loc":{"start":{"line":178,"column":2},"end":{"line":186,"column":3}},"locations":[{"start":{"line":178,"column":2},"end":{"line":186,"column":3}}]},"49":{"type":"branch","line":180,"loc":{"start":{"line":180,"column":45},"end":{"line":184,"column":5}},"locations":[{"start":{"line":180,"column":45},"end":{"line":184,"column":5}}]},"50":{"type":"branch","line":180,"loc":{"start":{"line":180,"column":66},"end":{"line":183,"column":49}},"locations":[{"start":{"line":180,"column":66},"end":{"line":183,"column":49}}]},"51":{"type":"branch","line":188,"loc":{"start":{"line":188,"column":2},"end":{"line":210,"column":3}},"locations":[{"start":{"line":188,"column":2},"end":{"line":210,"column":3}}]},"52":{"type":"branch","line":196,"loc":{"start":{"line":196,"column":8},"end":{"line":196,"column":38}},"locations":[{"start":{"line":196,"column":8},"end":{"line":196,"column":38}}]},"53":{"type":"branch","line":196,"loc":{"start":{"line":196,"column":38},"end":{"line":198,"column":5}},"locations":[{"start":{"line":196,"column":38},"end":{"line":198,"column":5}}]},"54":{"type":"branch","line":199,"loc":{"start":{"line":199,"column":29},"end":{"line":199,"column":54}},"locations":[{"start":{"line":199,"column":29},"end":{"line":199,"column":54}}]},"55":{"type":"branch","line":199,"loc":{"start":{"line":199,"column":54},"end":{"line":199,"column":87}},"locations":[{"start":{"line":199,"column":54},"end":{"line":199,"column":87}}]},"56":{"type":"branch","line":199,"loc":{"start":{"line":199,"column":87},"end":{"line":199,"column":100}},"locations":[{"start":{"line":199,"column":87},"end":{"line":199,"column":100}}]},"57":{"type":"branch","line":200,"loc":{"start":{"line":200,"column":43},"end":{"line":204,"column":6}},"locations":[{"start":{"line":200,"column":43},"end":{"line":204,"column":6}}]},"58":{"type":"branch","line":203,"loc":{"start":{"line":203,"column":105},"end":{"line":203,"column":131}},"locations":[{"start":{"line":203,"column":105},"end":{"line":203,"column":131}}]},"59":{"type":"branch","line":205,"loc":{"start":{"line":205,"column":48},"end":{"line":205,"column":59}},"locations":[{"start":{"line":205,"column":48},"end":{"line":205,"column":59}}]},"60":{"type":"branch","line":208,"loc":{"start":{"line":208,"column":40},"end":{"line":208,"column":81}},"locations":[{"start":{"line":208,"column":40},"end":{"line":208,"column":81}}]},"61":{"type":"branch","line":213,"loc":{"start":{"line":213,"column":2},"end":{"line":236,"column":3}},"locations":[{"start":{"line":213,"column":2},"end":{"line":236,"column":3}}]},"62":{"type":"branch","line":224,"loc":{"start":{"line":224,"column":8},"end":{"line":224,"column":27}},"locations":[{"start":{"line":224,"column":8},"end":{"line":224,"column":27}}]},"63":{"type":"branch","line":224,"loc":{"start":{"line":224,"column":38},"end":{"line":224,"column":82}},"locations":[{"start":{"line":224,"column":38},"end":{"line":224,"column":82}}]},"64":{"type":"branch","line":225,"loc":{"start":{"line":225,"column":29},"end":{"line":225,"column":62}},"locations":[{"start":{"line":225,"column":29},"end":{"line":225,"column":62}}]},"65":{"type":"branch","line":225,"loc":{"start":{"line":225,"column":62},"end":{"line":225,"column":75}},"locations":[{"start":{"line":225,"column":62},"end":{"line":225,"column":75}}]},"66":{"type":"branch","line":219,"loc":{"start":{"line":219,"column":41},"end":{"line":222,"column":77}},"locations":[{"start":{"line":219,"column":41},"end":{"line":222,"column":77}}]},"67":{"type":"branch","line":220,"loc":{"start":{"line":220,"column":55},"end":{"line":221,"column":65}},"locations":[{"start":{"line":220,"column":55},"end":{"line":221,"column":65}}]},"68":{"type":"branch","line":221,"loc":{"start":{"line":221,"column":61},"end":{"line":222,"column":77}},"locations":[{"start":{"line":221,"column":61},"end":{"line":222,"column":77}}]},"69":{"type":"branch","line":222,"loc":{"start":{"line":222,"column":26},"end":{"line":222,"column":76}},"locations":[{"start":{"line":222,"column":26},"end":{"line":222,"column":76}}]},"70":{"type":"branch","line":226,"loc":{"start":{"line":226,"column":43},"end":{"line":230,"column":6}},"locations":[{"start":{"line":226,"column":43},"end":{"line":230,"column":6}}]},"71":{"type":"branch","line":229,"loc":{"start":{"line":229,"column":105},"end":{"line":229,"column":131}},"locations":[{"start":{"line":229,"column":105},"end":{"line":229,"column":131}}]},"72":{"type":"branch","line":231,"loc":{"start":{"line":231,"column":48},"end":{"line":231,"column":59}},"locations":[{"start":{"line":231,"column":48},"end":{"line":231,"column":59}}]},"73":{"type":"branch","line":234,"loc":{"start":{"line":234,"column":40},"end":{"line":234,"column":81}},"locations":[{"start":{"line":234,"column":40},"end":{"line":234,"column":81}}]},"74":{"type":"branch","line":234,"loc":{"start":{"line":234,"column":61},"end":{"line":234,"column":81}},"locations":[{"start":{"line":234,"column":61},"end":{"line":234,"column":81}}]},"75":{"type":"branch","line":238,"loc":{"start":{"line":238,"column":2},"end":{"line":256,"column":3}},"locations":[{"start":{"line":238,"column":2},"end":{"line":256,"column":3}}]},"76":{"type":"branch","line":245,"loc":{"start":{"line":245,"column":29},"end":{"line":245,"column":62}},"locations":[{"start":{"line":245,"column":29},"end":{"line":245,"column":62}}]},"77":{"type":"branch","line":245,"loc":{"start":{"line":245,"column":62},"end":{"line":245,"column":75}},"locations":[{"start":{"line":245,"column":62},"end":{"line":245,"column":75}}]},"78":{"type":"branch","line":244,"loc":{"start":{"line":244,"column":51},"end":{"line":244,"column":78}},"locations":[{"start":{"line":244,"column":51},"end":{"line":244,"column":78}}]},"79":{"type":"branch","line":246,"loc":{"start":{"line":246,"column":51},"end":{"line":250,"column":6}},"locations":[{"start":{"line":246,"column":51},"end":{"line":250,"column":6}}]},"80":{"type":"branch","line":249,"loc":{"start":{"line":249,"column":106},"end":{"line":249,"column":134}},"locations":[{"start":{"line":249,"column":106},"end":{"line":249,"column":134}}]},"81":{"type":"branch","line":249,"loc":{"start":{"line":249,"column":141},"end":{"line":249,"column":167}},"locations":[{"start":{"line":249,"column":141},"end":{"line":249,"column":167}}]},"82":{"type":"branch","line":251,"loc":{"start":{"line":251,"column":54},"end":{"line":251,"column":65}},"locations":[{"start":{"line":251,"column":54},"end":{"line":251,"column":65}}]},"83":{"type":"branch","line":254,"loc":{"start":{"line":254,"column":40},"end":{"line":254,"column":93}},"locations":[{"start":{"line":254,"column":40},"end":{"line":254,"column":93}}]},"84":{"type":"branch","line":254,"loc":{"start":{"line":254,"column":67},"end":{"line":254,"column":93}},"locations":[{"start":{"line":254,"column":67},"end":{"line":254,"column":93}}]},"85":{"type":"branch","line":493,"loc":{"start":{"line":493,"column":0},"end":{"line":503,"column":1}},"locations":[{"start":{"line":493,"column":0},"end":{"line":503,"column":1}}]}},"b":{"0":[9],"1":[3],"2":[1],"3":[2],"4":[6],"5":[8],"6":[3],"7":[1],"8":[2],"9":[3],"10":[42],"11":[99],"12":[63],"13":[36],"14":[0],"15":[178],"16":[176],"17":[136],"18":[40],"19":[36],"20":[0],"21":[0],"22":[0],"23":[66],"24":[137],"25":[41],"26":[32],"27":[68],"28":[1],"29":[25],"30":[40],"31":[1],"32":[4],"33":[3],"34":[4],"35":[1],"36":[3],"37":[3],"38":[5],"39":[3],"40":[5],"41":[2],"42":[1],"43":[2],"44":[2],"45":[1],"46":[1],"47":[2],"48":[1],"49":[2],"50":[2],"51":[16],"52":[0],"53":[0],"54":[0],"55":[0],"56":[0],"57":[19],"58":[0],"59":[19],"60":[5],"61":[8],"62":[0],"63":[0],"64":[0],"65":[0],"66":[22],"67":[17],"68":[16],"69":[19],"70":[8],"71":[0],"72":[8],"73":[15],"74":[9],"75":[8],"76":[0],"77":[0],"78":[23],"79":[9],"80":[0],"81":[0],"82":[9],"83":[15],"84":[8],"85":[2]},"fnMap":{"0":{"name":"ensureMemoryFilePath","decl":{"start":{"line":14,"column":0},"end":{"line":44,"column":1}},"loc":{"start":{"line":14,"column":0},"end":{"line":44,"column":1}},"line":14},"1":{"name":"KnowledgeGraphManager","decl":{"start":{"line":69,"column":2},"end":{"line":69,"column":48}},"loc":{"start":{"line":69,"column":2},"end":{"line":69,"column":48}},"line":69},"2":{"name":"loadGraph","decl":{"start":{"line":71,"column":2},"end":{"line":99,"column":3}},"loc":{"start":{"line":71,"column":2},"end":{"line":99,"column":3}},"line":71},"3":{"name":"lines.reduce.entities","decl":{"start":{"line":75,"column":26},"end":{"line":92,"column":9}},"loc":{"start":{"line":75,"column":26},"end":{"line":92,"column":9}},"line":75},"4":{"name":"sliceObservations","decl":{"start":{"line":101,"column":17},"end":{"line":105,"column":3}},"loc":{"start":{"line":101,"column":17},"end":{"line":105,"column":3}},"line":101},"5":{"name":"saveGraph","decl":{"start":{"line":107,"column":2},"end":{"line":123,"column":3}},"loc":{"start":{"line":107,"column":2},"end":{"line":123,"column":3}},"line":107},"6":{"name":"createEntities","decl":{"start":{"line":125,"column":2},"end":{"line":131,"column":3}},"loc":{"start":{"line":125,"column":2},"end":{"line":131,"column":3}},"line":125},"7":{"name":"createRelations","decl":{"start":{"line":133,"column":2},"end":{"line":143,"column":3}},"loc":{"start":{"line":133,"column":2},"end":{"line":143,"column":3}},"line":133},"8":{"name":"addObservations","decl":{"start":{"line":145,"column":2},"end":{"line":158,"column":3}},"loc":{"start":{"line":145,"column":2},"end":{"line":158,"column":3}},"line":145},"9":{"name":"deleteEntities","decl":{"start":{"line":160,"column":2},"end":{"line":165,"column":3}},"loc":{"start":{"line":160,"column":2},"end":{"line":165,"column":3}},"line":160},"10":{"name":"deleteObservations","decl":{"start":{"line":167,"column":2},"end":{"line":176,"column":3}},"loc":{"start":{"line":167,"column":2},"end":{"line":176,"column":3}},"line":167},"11":{"name":"deleteRelations","decl":{"start":{"line":178,"column":2},"end":{"line":186,"column":3}},"loc":{"start":{"line":178,"column":2},"end":{"line":186,"column":3}},"line":178},"12":{"name":"readGraph","decl":{"start":{"line":188,"column":2},"end":{"line":210,"column":3}},"loc":{"start":{"line":188,"column":2},"end":{"line":210,"column":3}},"line":188},"13":{"name":"searchNodes","decl":{"start":{"line":213,"column":2},"end":{"line":236,"column":3}},"loc":{"start":{"line":213,"column":2},"end":{"line":236,"column":3}},"line":213},"14":{"name":"openNodes","decl":{"start":{"line":238,"column":2},"end":{"line":256,"column":3}},"loc":{"start":{"line":238,"column":2},"end":{"line":256,"column":3}},"line":238},"15":{"name":"main","decl":{"start":{"line":493,"column":0},"end":{"line":503,"column":1}},"loc":{"start":{"line":493,"column":0},"end":{"line":503,"column":1}},"line":493}},"f":{"0":9,"1":42,"2":99,"3":176,"4":36,"5":66,"6":32,"7":25,"8":4,"9":3,"10":2,"11":1,"12":16,"13":8,"14":8,"15":2}}
,"/Users/akhilsurapuram/openSource/mcp-servers/src/memory/vitest.config.ts": {"path":"/Users/akhilsurapuram/openSource/mcp-servers/src/memory/vitest.config.ts","all":true,"statementMap":{"0":{"start":{"line":1,"column":0},"end":{"line":1,"column":45}},"2":{"start":{"line":3,"column":0},"end":{"line":3,"column":29}},"3":{"start":{"line":4,"column":0},"end":{"line":4,"column":9}},"4":{"start":{"line":5,"column":0},"end":{"line":5,"column":18}},"5":{"start":{"line":6,"column":0},"end":{"line":6,"column":24}},"6":{"start":{"line":7,"column":0},"end":{"line":7,"column":43}},"7":{"start":{"line":8,"column":0},"end":{"line":8,"column":15}},"8":{"start":{"line":9,"column":0},"end":{"line":9,"column":21}},"9":{"start":{"line":10,"column":0},"end":{"line":10,"column":27}},"10":{"start":{"line":11,"column":0},"end":{"line":11,"column":49}},"11":{"start":{"line":12,"column":0},"end":{"line":12,"column":6}},"12":{"start":{"line":13,"column":0},"end":{"line":13,"column":4}},"13":{"start":{"line":14,"column":0},"end":{"line":14,"column":3}}},"s":{"0":0,"2":0,"3":0,"4":0,"5":0,"6":0,"7":0,"8":0,"9":0,"10":0,"11":0,"12":0,"13":0},"branchMap":{"0":{"type":"branch","line":1,"loc":{"start":{"line":1,"column":0},"end":{"line":14,"column":-96}},"locations":[{"start":{"line":1,"column":0},"end":{"line":14,"column":-96}}]}},"b":{"0":[0]},"fnMap":{"0":{"name":"(empty-report)","decl":{"start":{"line":1,"column":0},"end":{"line":14,"column":-96}},"loc":{"start":{"line":1,"column":0},"end":{"line":14,"column":-96}},"line":1}},"f":{"0":0}}
}
